This is pdfTeX, Version 3.1415926-1.40.10 (TeX Live 2009/Debian) (format=pdflatex 2014.11.19)  25 AUG 2015 00:47
entering extended mode
 %&-line parsing enabled.
**"AXXB Review.tex"
(./AXXB Review.tex
LaTeX2e <2009/09/24>
Babel <v3.8l> and hyphenation patterns for english, usenglishmax, dumylang, noh
yphenation, farsi, arabic, croatian, bulgarian, ukrainian, russian, czech, slov
ak, danish, dutch, finnish, french, basque, ngerman, german, german-x-2009-06-1
9, ngerman-x-2009-06-19, ibycus, monogreek, greek, ancientgreek, hungarian, san
skrit, italian, latin, latvian, lithuanian, mongolian2a, mongolian, bokmal, nyn
orsk, romanian, irish, coptic, serbian, turkish, welsh, esperanto, uppersorbian
, estonian, indonesian, interlingua, icelandic, kurmanji, slovenian, polish, po
rtuguese, spanish, galician, catalan, swedish, ukenglish, pinyin, loaded.
(./asme2ej.cls

LaTeX Warning: You have requested document class `asme2ej',
               but the document class provides `asme2e'.

Document Class: asme2e 2001/2/14 v2.0 Standard LaTeX document class
(/usr/share/texmf-texlive/tex/latex/base/ifthen.sty
Package: ifthen 2001/05/26 v1.1c Standard LaTeX ifthen package (DPC)
)
(/usr/share/texmf-texlive/tex/latex/psnfss/times.sty
Package: times 2005/04/12 PSNFSS-v9.2a (SPQR) 
)
(/usr/share/texmf-texlive/tex/latex/psnfss/mathptm.sty
Package: mathptm 2005/04/12 PSNFSS-v9.2a Times w/ Math (SPQR, WaS) 


Package mathptm Warning: This package is to be regarded as obsolete.
(mathptm)                See the PSNFSS documentation.

LaTeX Font Info:    Redeclaring symbol font `operators' on input line 31.
LaTeX Font Info:    Overwriting symbol font `operators' in version `normal'
(Font)                  OT1/cmr/m/n --> OT1/ptmcm/m/n on input line 31.
LaTeX Font Info:    Overwriting symbol font `operators' in version `bold'
(Font)                  OT1/cmr/bx/n --> OT1/ptmcm/m/n on input line 31.
LaTeX Font Info:    Redeclaring symbol font `letters' on input line 32.
LaTeX Font Info:    Overwriting symbol font `letters' in version `normal'
(Font)                  OML/cmm/m/it --> OML/ptmcm/m/it on input line 32.
LaTeX Font Info:    Overwriting symbol font `letters' in version `bold'
(Font)                  OML/cmm/b/it --> OML/ptmcm/m/it on input line 32.
LaTeX Font Info:    Redeclaring symbol font `symbols' on input line 33.
LaTeX Font Info:    Overwriting symbol font `symbols' in version `normal'
(Font)                  OMS/cmsy/m/n --> OMS/pzccm/m/n on input line 33.
LaTeX Font Info:    Overwriting symbol font `symbols' in version `bold'
(Font)                  OMS/cmsy/b/n --> OMS/pzccm/m/n on input line 33.
LaTeX Font Info:    Redeclaring symbol font `largesymbols' on input line 34.
LaTeX Font Info:    Overwriting symbol font `largesymbols' in version `normal'
(Font)                  OMX/cmex/m/n --> OMX/psycm/m/n on input line 34.
LaTeX Font Info:    Overwriting symbol font `largesymbols' in version `bold'
(Font)                  OMX/cmex/m/n --> OMX/psycm/m/n on input line 34.
\symbold=\mathgroup4
\symitalic=\mathgroup5
LaTeX Font Info:    Redeclaring math alphabet \mathbf on input line 37.
LaTeX Font Info:    Overwriting math alphabet `\mathbf' in version `normal'
(Font)                  OT1/cmr/bx/n --> OT1/ptm/bx/n on input line 37.
LaTeX Font Info:    Overwriting math alphabet `\mathbf' in version `bold'
(Font)                  OT1/cmr/bx/n --> OT1/ptm/bx/n on input line 37.
LaTeX Font Info:    Redeclaring math alphabet \mathit on input line 38.
LaTeX Font Info:    Overwriting math alphabet `\mathit' in version `normal'
(Font)                  OT1/cmr/m/it --> OT1/ptm/m/it on input line 38.
LaTeX Font Info:    Overwriting math alphabet `\mathit' in version `bold'
(Font)                  OT1/cmr/bx/it --> OT1/ptm/m/it on input line 38.
) (/usr/share/texmf-texlive/tex/generic/oberdiek/ifpdf.sty
Package: ifpdf 2009/04/10 v2.0 Provides the ifpdf switch (HO)
Package ifpdf Info: pdfTeX in pdf mode detected.
)
Ten Point
LaTeX Font Info:    Try loading font information for OT1+phv on input line 301.

(/usr/share/texmf-texlive/tex/latex/psnfss/ot1phv.fd
File: ot1phv.fd 2001/06/04 scalable font definitions for OT1/phv.
)
\c@part=\count79
\c@section=\count80
\c@subsection=\count81
\c@subsubsection=\count82
\c@paragraph=\count83
\c@subparagraph=\count84
\tempbox=\box26
\c@figure=\count85
\c@table=\count86
\@authcnt=\count87
\@tmpcnt=\count88
\bibindent=\dimen102
\tempbox=\box27
\minute=\count89
\hour=\count90
)
(/usr/share/texmf-texlive/tex/latex/graphics/epsfig.sty
Package: epsfig 1999/02/16 v1.7a (e)psfig emulation (SPQR)

(/usr/share/texmf-texlive/tex/latex/graphics/graphicx.sty
Package: graphicx 1999/02/16 v1.0f Enhanced LaTeX Graphics (DPC,SPQR)

(/usr/share/texmf-texlive/tex/latex/graphics/keyval.sty
Package: keyval 1999/03/16 v1.13 key=value parser (DPC)
\KV@toks@=\toks14
)
(/usr/share/texmf-texlive/tex/latex/graphics/graphics.sty
Package: graphics 2009/02/05 v1.0o Standard LaTeX Graphics (DPC,SPQR)

(/usr/share/texmf-texlive/tex/latex/graphics/trig.sty
Package: trig 1999/03/16 v1.09 sin cos tan (DPC)
)
(/etc/texmf/tex/latex/config/graphics.cfg
File: graphics.cfg 2009/08/28 v1.8 graphics configuration of TeX Live
)
Package graphics Info: Driver file: pdftex.def on input line 91.

(/usr/share/texmf-texlive/tex/latex/pdftex-def/pdftex.def
File: pdftex.def 2010/03/12 v0.04p Graphics/color for pdfTeX
\Gread@gobject=\count91
))
\Gin@req@height=\dimen103
\Gin@req@width=\dimen104
)
\epsfxsize=\dimen105
\epsfysize=\dimen106
)
(/usr/share/texmf-texlive/tex/latex/amsfonts/amssymb.sty
Package: amssymb 2009/06/22 v3.00

(/usr/share/texmf-texlive/tex/latex/amsfonts/amsfonts.sty
Package: amsfonts 2009/06/22 v3.00 Basic AMSFonts support
\@emptytoks=\toks15
\symAMSa=\mathgroup6
\symAMSb=\mathgroup7
LaTeX Font Info:    Overwriting math alphabet `\mathfrak' in version `bold'
(Font)                  U/euf/m/n --> U/euf/b/n on input line 96.
))
(/usr/share/texmf-texlive/tex/latex/amsmath/amsmath.sty
Package: amsmath 2000/07/18 v2.13 AMS math features
\@mathmargin=\skip41

For additional information on amsmath, use the `?' option.
(/usr/share/texmf-texlive/tex/latex/amsmath/amstext.sty
Package: amstext 2000/06/29 v2.01

(/usr/share/texmf-texlive/tex/latex/amsmath/amsgen.sty
File: amsgen.sty 1999/11/30 v2.0
\@emptytoks=\toks16
\ex@=\dimen107
))
(/usr/share/texmf-texlive/tex/latex/amsmath/amsbsy.sty
Package: amsbsy 1999/11/29 v1.2d
\pmbraise@=\dimen108
)
(/usr/share/texmf-texlive/tex/latex/amsmath/amsopn.sty
Package: amsopn 1999/12/14 v2.01 operator names
)
\inf@bad=\count92
LaTeX Info: Redefining \frac on input line 211.
\uproot@=\count93
\leftroot@=\count94
LaTeX Info: Redefining \overline on input line 307.
\classnum@=\count95
\DOTSCASE@=\count96
LaTeX Info: Redefining \ldots on input line 379.
LaTeX Info: Redefining \dots on input line 382.
LaTeX Info: Redefining \cdots on input line 467.
\Mathstrutbox@=\box28
\strutbox@=\box29
\big@size=\dimen109
LaTeX Font Info:    Redeclaring font encoding OML on input line 567.
LaTeX Font Info:    Redeclaring font encoding OMS on input line 568.
\macc@depth=\count97
\c@MaxMatrixCols=\count98
\dotsspace@=\muskip10
\c@parentequation=\count99
\dspbrk@lvl=\count100
\tag@help=\toks17
\row@=\count101
\column@=\count102
\maxfields@=\count103
\andhelp@=\toks18
\eqnshift@=\dimen110
\alignsep@=\dimen111
\tagshift@=\dimen112
\tagwidth@=\dimen113
\totwidth@=\dimen114
\lineht@=\dimen115
\@envbody=\toks19
\multlinegap=\skip42
\multlinetaggap=\skip43
\mathdisplay@stack=\toks20
LaTeX Info: Redefining \[ on input line 2666.
LaTeX Info: Redefining \] on input line 2667.
)
(/usr/share/texmf-texlive/tex/latex/multirow/multirow.sty
\bigstrutjot=\dimen116
)
(/usr/share/texmf-texlive/tex/latex/ltxmisc/relsize.sty
Package: relsize 2003/07/04 ver 3.1
)
(/usr/share/texmf-texlive/tex/latex/graphics/color.sty
Package: color 2005/11/14 v1.0j Standard LaTeX Color (DPC)

(/etc/texmf/tex/latex/config/color.cfg
File: color.cfg 2007/01/18 v1.5 color configuration of teTeX/TeXLive
)
Package color Info: Driver file: pdftex.def on input line 130.
)
(/usr/share/texmf-texlive/tex/latex/comment/comment.sty
\CommentStream=\write3

Excluding comment 'comment')
\c@theorem=\count104
\c@corollary=\count105
\c@proposition=\count106
\c@conjecture=\count107
\c@remark=\count108
 (./AXXB Review.aux)
\openout1 = `"AXXB Review.aux"'.

LaTeX Font Info:    Checking defaults for OML/cmm/m/it on input line 130.
LaTeX Font Info:    ... okay on input line 130.
LaTeX Font Info:    Checking defaults for T1/cmr/m/n on input line 130.
LaTeX Font Info:    ... okay on input line 130.
LaTeX Font Info:    Checking defaults for OT1/cmr/m/n on input line 130.
LaTeX Font Info:    ... okay on input line 130.
LaTeX Font Info:    Checking defaults for OMS/cmsy/m/n on input line 130.
LaTeX Font Info:    ... okay on input line 130.
LaTeX Font Info:    Checking defaults for OMX/cmex/m/n on input line 130.
LaTeX Font Info:    ... okay on input line 130.
LaTeX Font Info:    Checking defaults for U/cmr/m/n on input line 130.
LaTeX Font Info:    ... okay on input line 130.
LaTeX Font Info:    Try loading font information for OT1+ptm on input line 130.


(/usr/share/texmf-texlive/tex/latex/psnfss/ot1ptm.fd
File: ot1ptm.fd 2001/06/04 font definitions for OT1/ptm.
)
(/usr/share/texmf-texlive/tex/context/base/supp-pdf.mkii
[Loading MPS to PDF converter (version 2006.09.02).]
\scratchcounter=\count109
\scratchdimen=\dimen117
\scratchbox=\box30
\nofMPsegments=\count110
\nofMParguments=\count111
\everyMPshowfont=\toks21
\MPscratchCnt=\count112
\MPscratchDim=\dimen118
\MPnumerator=\count113
\everyMPtoPDFconversion=\toks22
)
LaTeX Font Info:    Try loading font information for OT1+ptmcm on input line 13
2.
 (/usr/share/texmf-texlive/tex/latex/psnfss/ot1ptmcm.fd
File: ot1ptmcm.fd 2000/01/03 Fontinst v1.801 font definitions for OT1/ptmcm.
)
LaTeX Font Info:    Try loading font information for OML+ptmcm on input line 13
2.

(/usr/share/texmf-texlive/tex/latex/psnfss/omlptmcm.fd
File: omlptmcm.fd 2000/01/03 Fontinst v1.801 font definitions for OML/ptmcm.
)
LaTeX Font Info:    Try loading font information for OMS+pzccm on input line 13
2.

(/usr/share/texmf-texlive/tex/latex/psnfss/omspzccm.fd
File: omspzccm.fd 2000/01/03 Fontinst v1.801 font definitions for OMS/pzccm.
)
LaTeX Font Info:    Try loading font information for OMX+psycm on input line 13
2.

(/usr/share/texmf-texlive/tex/latex/psnfss/omxpsycm.fd
File: omxpsycm.fd 2000/01/03 Fontinst v1.801 font definitions for OMX/psycm.
)
LaTeX Font Info:    Font shape `OT1/ptm/bx/n' in size <10> not available
(Font)              Font shape `OT1/ptm/b/n' tried instead on input line 132.
LaTeX Font Info:    Font shape `OT1/ptm/bx/n' in size <7.4> not available
(Font)              Font shape `OT1/ptm/b/n' tried instead on input line 132.
LaTeX Font Info:    Font shape `OT1/ptm/bx/n' in size <6> not available
(Font)              Font shape `OT1/ptm/b/n' tried instead on input line 132.
LaTeX Font Info:    Try loading font information for U+msa on input line 132.

(/usr/share/texmf-texlive/tex/latex/amsfonts/umsa.fd
File: umsa.fd 2009/06/22 v3.00 AMS symbols A
)
LaTeX Font Info:    Try loading font information for U+msb on input line 132.

(/usr/share/texmf-texlive/tex/latex/amsfonts/umsb.fd
File: umsb.fd 2009/06/22 v3.00 AMS symbols B
)
Underfull \hbox (badness 10000) detected at line 132
[]
 []

LaTeX Font Info:    Font shape `OT1/phv/bx/n' in size <10> not available
(Font)              Font shape `OT1/phv/b/n' tried instead on input line 132.
LaTeX Font Info:    Try loading font information for OMS+phv on input line 132.

(/usr/share/texmf-texlive/tex/latex/psnfss/omsphv.fd
File: omsphv.fd 
)
LaTeX Font Info:    Font shape `OMS/phv/m/n' in size <10> not available
(Font)              Font shape `OMS/cmsy/m/n' tried instead on input line 132.

Overfull \hbox (39.74762pt too wide) in paragraph at lines 132--132
 [] 
 []

LaTeX Font Info:    Font shape `OT1/ptm/bx/n' in size <8> not available
(Font)              Font shape `OT1/ptm/b/n' tried instead on input line 132.
LaTeX Font Info:    Font shape `OT1/ptm/bx/n' in size <5> not available
(Font)              Font shape `OT1/ptm/b/n' tried instead on input line 132.
LaTeX Font Info:    Try loading font information for U+euf on input line 151.
(/usr/share/texmf-texlive/tex/latex/amsfonts/ueuf.fd
File: ueuf.fd 2009/06/22 v3.00 Euler Fraktur
)
Overfull \vbox (10.38885pt too high) has occurred while \output is active []


Underfull \hbox (badness 10000) in paragraph at lines 160--160
$\OML/ptmcm/m/it/10 vec$ \OT1/ptm/m/n/10 The ``vec'' op-er-a-tor is de-fined su
ch that
 []

[1{/var/lib/texmf/fonts/map/pdftex/updmap/pdftex.map}


]

LaTeX Warning: Citation `tsai1989new' on page 2 undefined on input line 181.


LaTeX Warning: Citation `darius1' on page 2 undefined on input line 181.


LaTeX Warning: Citation `Boctor-2006' on page 2 undefined on input line 181.


LaTeX Warning: Citation `chen91' on page 2 undefined on input line 204.


LaTeX Warning: Citation `park1994robot' on page 2 undefined on input line 204.


LaTeX Warning: Citation `shiu1989calibration' on page 2 undefined on input line
 204.

<figure/AX=XB(ASME)_v1.png, id=17, 876.27374pt x 466.74374pt>
File: figure/AX=XB(ASME)_v1.png Graphic file (type png)

<use figure/AX=XB(ASME)_v1.png> [2 <./figure/AX=XB(ASME)_v1.png>]

LaTeX Warning: Citation `arun' on page 3 undefined on input line 243.


LaTeX Warning: Citation `chou1991finding' on page 3 undefined on input line 243
.


LaTeX Warning: Citation `dong' on page 3 undefined on input line 243.


LaTeX Warning: Citation `kim' on page 3 undefined on input line 243.


LaTeX Warning: Citation `dai' on page 3 undefined on input line 243.


LaTeX Warning: Citation `shah2012overview' on page 3 undefined on input line 24
3.


LaTeX Warning: Citation `zhao2011hand' on page 3 undefined on input line 243.


LaTeX Warning: Citation `heller2014hand' on page 3 undefined on input line 243.



LaTeX Warning: Citation `ackerman2014online' on page 3 undefined on input line 
243.


Underfull \hbox (badness 10000) in paragraph at lines 264--266

 []


Underfull \hbox (badness 10000) in paragraph at lines 278--279
\OT1/ptm/m/n/10 and $\OML/ptmcm/m/it/10 ^^L$ \OT1/ptm/m/n/10 is an ar-bi-trary 
an-gle. Given a vec-tor
 []


Underfull \hbox (badness 1708) in paragraph at lines 278--279
\OT1/ptm/b/n/10 n \OT1/ptmcm/m/n/10 = [][] \OMS/pzccm/m/n/10 2 \U/msb/m/n/10 R[
]$\OT1/ptm/m/n/10 , $[]$ is a skew-symmetric ma-trix
 []


Underfull \hbox (badness 10000) in paragraph at lines 278--279

 []


Underfull \hbox (badness 10000) in paragraph at lines 327--329

 []


Underfull \hbox (badness 10000) in paragraph at lines 336--351

 []

[3]
Underfull \hbox (badness 10000) in paragraph at lines 356--358

 []

LaTeX Font Info:    Font shape `OT1/ptm/bx/n' in size <12> not available
(Font)              Font shape `OT1/ptm/b/n' tried instead on input line 359.
LaTeX Font Info:    Font shape `OT1/ptm/bx/n' in size <9> not available
(Font)              Font shape `OT1/ptm/b/n' tried instead on input line 359.
LaTeX Font Info:    Font shape `OT1/ptm/bx/n' in size <7> not available
(Font)              Font shape `OT1/ptm/b/n' tried instead on input line 359.

Underfull \hbox (badness 10000) in paragraph at lines 366--368

 []


LaTeX Warning: Citation `horaud1995hand' on page 4 undefined on input line 392.



Underfull \hbox (badness 10000) in paragraph at lines 419--421

 []


Underfull \hbox (badness 10000) in paragraph at lines 427--429

 []


Underfull \hbox (badness 2302) in paragraph at lines 465--468
\OT1/ptm/m/n/10 quater-nion, the La-grangian mul-ti-plier is in-tro-duced in
 []

[4]

LaTeX Warning: Citation `daniilidis1999hand' on page 5 undefined on input line 
483.


LaTeX Warning: Citation `andreff1999line' on page 5 undefined on input line 561
.

[5]
Underfull \hbox (badness 1342) in paragraph at lines 621--624
[]\OT1/ptm/m/n/10 Orthogonalization is im-ple-mented on $\OML/ptmcm/m/it/10 R[]
$ \OT1/ptm/m/n/10 to make it a
 []


Underfull \hbox (badness 10000) in paragraph at lines 621--624

 []


LaTeX Warning: Citation `horn1986robot' on page 6 undefined on input line 628.


LaTeX Warning: Citation `myoldbook' on page 6 undefined on input line 647.


Underfull \hbox (badness 1072) in paragraph at lines 682--683
\OT1/ptm/m/n/10 method, the Kro-necker prod-uct method, the quater-nion
 []

[6] <figure/rotErrorRand.png, id=37, 418.66759pt x 314.00069pt>
File: figure/rotErrorRand.png Graphic file (type png)

<use figure/rotErrorRand.png>
Underfull \hbox (badness 10000) in paragraph at lines 759--760

 []

<figure/tranErrorRand.png, id=38, 505.89pt x 379.4175pt>
File: figure/tranErrorRand.png Graphic file (type png)

<use figure/tranErrorRand.png> [7 <./figure/rotErrorRand.png>]
<figure/traceCovRand.png, id=44, 418.66759pt x 314.00069pt>
File: figure/traceCovRand.png Graphic file (type png)

<use figure/traceCovRand.png>

LaTeX Warning: Citation `alexis9' on page 8 undefined on input line 778.


Underfull \hbox (badness 1097) in paragraph at lines 784--786
[]\OT1/ptm/m/n/10 This sec-tion presents new meth-ods to solve for $\OML/ptmcm/
m/it/10 X$
 []

[8 <./figure/tranErrorRand.png> <./figure/traceCovRand.png>]
Overfull \hbox (1.90002pt too wide) detected at line 820
 []
 []


LaTeX Warning: Citation `Wang08' on page 9 undefined on input line 823.

[9] [10]

LaTeX Warning: Citation `ackermanGSI' on page 11 undefined on input line 979.


LaTeX Warning: Citation `ackermanIROS2013' on page 11 undefined on input line 9
79.

[11]

LaTeX Warning: Citation `vol2' on page 12 undefined on input line 1316.

[12]
No file "AXXB Review".bbl.
[13

] (./AXXB Review.aux)

LaTeX Warning: There were undefined references.


LaTeX Warning: Label(s) may have changed. Rerun to get cross-references right.

 ) 
Here is how much of TeX's memory you used:
 2542 strings out of 493848
 30863 string characters out of 1152822
 93985 words of memory out of 3000000
 5737 multiletter control sequences out of 15000+50000
 63606 words of font info for 136 fonts, out of 3000000 for 9000
 714 hyphenation exceptions out of 8191
 32i,22n,24p,1284b,318s stack positions out of 5000i,500n,10000p,200000b,50000s
{/usr/share/texmf-texlive/fonts/enc/dvips/base/8r.enc}</usr/share/texmf-texli
ve/fonts/type1/public/amsfonts/cm/cmex10.pfb></usr/share/texmf-texlive/fonts/ty
pe1/public/amsfonts/cmextra/cmex9.pfb></usr/share/texmf-texlive/fonts/type1/pub
lic/amsfonts/cm/cmmi10.pfb></usr/share/texmf-texlive/fonts/type1/public/amsfont
s/cm/cmr10.pfb></usr/share/texmf-texlive/fonts/type1/public/amsfonts/cm/cmsy10.
pfb></usr/share/texmf-texlive/fonts/type1/public/amsfonts/euler/eufm10.pfb></us
r/share/texmf-texlive/fonts/type1/public/amsfonts/euler/eufm7.pfb></usr/share/t
exmf-texlive/fonts/type1/public/amsfonts/symbols/msbm10.pfb></usr/share/texmf-t
exlive/fonts/type1/urw/helvetic/uhvb8a.pfb></usr/share/texmf-texlive/fonts/type
1/urw/helvetic/uhvr8a.pfb></usr/share/texmf-texlive/fonts/type1/urw/symbol/usyr
.pfb></usr/share/texmf-texlive/fonts/type1/urw/times/utmb8a.pfb></usr/share/tex
mf-texlive/fonts/type1/urw/times/utmr8a.pfb></usr/share/texmf-texlive/fonts/typ
e1/urw/times/utmri8a.pfb></usr/share/texmf-texlive/fonts/type1/urw/zapfchan/uzc
mi8a.pfb>
Output written on "AXXB Review.pdf" (13 pages, 293644 bytes).
PDF statistics:
 115 PDF objects out of 1000 (max. 8388607)
 0 named destinations out of 1000 (max. 500000)
 21 words of extra memory for PDF output out of 10000 (max. 10000000)

