mktextfm phvb7t
mktextfm phvr7t
mktextfm phvr7t
mktextfm phvb7t
mktextfm phvr7t
mktextfm phvb7t
mktextfm phvb7t
mktextfm phvb7t
mktextfm phvr7t
mktextfm ptmr7t
mktextfm zptmcmr
mktextfm zptmcmr
mktextfm zptmcmr
mktextfm zptmcmrm
mktextfm zptmcmrm
mktextfm zptmcmrm
mktextfm zpzccmry
mktextfm zpzccmry
mktextfm zpzccmry
mktextfm zpsycmrv
mktextfm zpsycmrv
mktextfm zpsycmrv
mktextfm ptmb7t
mktextfm nullfont
mktextfm ptmb7t
mktextfm nullfont
mktextfm ptmb7t
mktextfm nullfont
mktextfm ptmri7t
mktextfm ptmri7t
mktextfm ptmri7t
mktextfm ptmr7t
mktextfm ptmr7t
mktextfm phvb7t
mktextfm nullfont
mktextfm ptmbi7t
mktextfm nullfont
mktextfm ptmr7t
mktextfm ptmr7t
mktextfm phvb7t
mktextfm phvr7t
mktextfm phvr7t
mktextfm phvb7t
mktextfm phvr7t
mktextfm phvb7t
mktextfm phvb7t
mktextfm phvb7t
mktextfm phvr7t
mktextfm ptmr7t
mktextfm zptmcmr
mktextfm zptmcmr
mktextfm zptmcmr
mktextfm zptmcmrm
mktextfm zptmcmrm
mktextfm zptmcmrm
mktextfm zpzccmry
mktextfm zpzccmry
mktextfm zpzccmry
mktextfm zpsycmrv
mktextfm zpsycmrv
mktextfm zpsycmrv
mktextfm ptmb7t
mktextfm nullfont
mktextfm ptmb7t
mktextfm nullfont
mktextfm ptmb7t
mktextfm nullfont
mktextfm ptmri7t
mktextfm ptmri7t
mktextfm ptmri7t
mktextfm ptmr7t
mktextfm ptmr7t
mktextfm phvb7t
mktextfm nullfont
mktextfm ptmbi7t
mktextfm nullfont
mktextfm ptmr7t
mktextfm ptmr7t
mktextfm phvb7t
mktextfm phvr7t
mktextfm phvr7t
mktextfm phvb7t
mktextfm phvr7t
mktextfm phvb7t
mktextfm phvb7t
mktextfm phvb7t
mktextfm phvr7t
mktextfm ptmr7t
mktextfm zptmcmr
mktextfm zptmcmr
mktextfm zptmcmr
mktextfm zptmcmrm
mktextfm zptmcmrm
mktextfm zptmcmrm
mktextfm zpzccmry
mktextfm zpzccmry
mktextfm zpzccmry
mktextfm zpsycmrv
mktextfm zpsycmrv
mktextfm zpsycmrv
mktextfm ptmb7t
mktextfm nullfont
mktextfm ptmb7t
mktextfm nullfont
mktextfm ptmb7t
mktextfm nullfont
mktextfm ptmri7t
mktextfm ptmri7t
mktextfm ptmri7t
mktextfm ptmr7t
mktextfm ptmr7t
mktextfm phvb7t
mktextfm nullfont
mktextfm ptmbi7t
mktextfm nullfont
mktextfm ptmr7t
mktextfm ptmr7t
mktextfm phvb7t
mktextfm phvr7t
mktextfm phvr7t
mktextfm phvb7t
mktextfm phvr7t
mktextfm phvb7t
mktextfm phvb7t
mktextfm phvb7t
mktextfm phvr7t
mktextfm ecrm1000
mktextfm ptmr8t
mktextfm zptmcmr
mktextfm zptmcmr
mktextfm zptmcmr
mktextfm zptmcmrm
mktextfm zptmcmrm
mktextfm zptmcmrm
mktextfm zpzccmry
mktextfm zpzccmry
mktextfm zpzccmry
mktextfm zpsycmrv
mktextfm zpsycmrv
mktextfm zpsycmrv
mktextfm ptmb7t
mktextfm nullfont
mktextfm ptmb7t
mktextfm nullfont
mktextfm ptmb7t
mktextfm nullfont
mktextfm ptmri7t
mktextfm ptmri7t
mktextfm ptmri7t
mktextfm ptmr8t
mktextfm phvr8t
mktextfm ptmr8t
mktextfm phvr8t
mktextfm phvb8t
mktextfm nullfont
mktextfm ptmri8t
mktextfm ptmb8t
mktextfm nullfont
mktextfm ptmbi8t
mktextfm nullfont
mktextfm ptmr8t
mktextfm ptmr8t
mktextfm phvb7t
mktextfm phvr7t
mktextfm phvr7t
mktextfm phvb7t
mktextfm phvr7t
mktextfm phvb7t
mktextfm phvb7t
mktextfm phvb7t
mktextfm phvr7t
mktextfm ecrm1000
mktextfm ptmr8t
mktextfm zptmcmr
mktextfm zptmcmr
mktextfm zptmcmr
mktextfm zptmcmrm
mktextfm zptmcmrm
mktextfm zptmcmrm
mktextfm zpzccmry
mktextfm zpzccmry
mktextfm zpzccmry
mktextfm zpsycmrv
mktextfm zpsycmrv
mktextfm zpsycmrv
mktextfm ptmb7t
mktextfm nullfont
mktextfm ptmb7t
mktextfm nullfont
mktextfm ptmb7t
mktextfm nullfont
mktextfm ptmri7t
mktextfm ptmri7t
mktextfm ptmri7t
mktextfm ptmr8t
mktextfm phvr8t
mktextfm ptmr8t
mktextfm phvr8t
mktextfm phvb8t
mktextfm nullfont
mktextfm ptmri8t
mktextfm ptmb8t
mktextfm nullfont
mktextfm ptmbi8t
mktextfm nullfont
mktextfm ptmr8t
mktextfm ptmr8t
